<?xml version="1.0" encoding="UTF-8"?>
<!-- Generated by org.testng.reporters.JUnitReportReporter -->
<testsuite hostname="LAPTOP-PF2SDVHH" failures="0" tests="1" name="com.shree.Apptest" time="0.023" errors="0" timestamp="2025-03-22T01:31:34 IST" skipped="0">
  <testcase classname="com.shree.Apptest" name="testlogin1" time="0.023"/>
</testsuite> <!-- com.shree.Apptest -->
